<?xml version="1.0" encoding="UTF-8"?>
<!-- Generated by org.testng.reporters.JUnitXMLReporter -->
<testsuite ignored="1" hostname="Pooja" failures="0" tests="13" name="Test1" time="140.364" errors="0" timestamp="2020-08-27T13:38:59 IST">
  <testcase classname="test.DemoTest" name="get_title" time="0.071"/>
  <testcase classname="test.DemoTest" name="get_logo" time="0.942"/>
  <testcase classname="test.DemoTest" name="sign_in1" time="8.832"/>
  <testcase classname="test.DemoTest" name="get_signin" time="1.575"/>
  <testcase classname="test.DemoTest" name="navigate_to" time="1.591"/>
  <testcase classname="test.DemoTest" name="sign_in" time="18.56"/>
  <testcase classname="test.DemoTest" name="register" time="1.043"/>
  <testcase classname="test.DemoTest" name="checkbox_assert" time="0.651"/>
  <testcase classname="test.DemoTest" name="radiobutton_assert" time="0.3"/>
  <testcase classname="test.DemoTest" name="assert_test_text" time="0.343"/>
  <testcase classname="test.DemoTest" name="dropdown_assert" time="0.627"/>
  <testcase classname="test.DemoTest" name="switch_click" time="1.747"/>
  <testcase classname="test.DemoTest" name="Alert" time="3.454"/>
  <testcase classname="test.DemoTest" name="get_link" time="0.0">
    <ignored/>
  </testcase> <!-- get_link -->
</testsuite> <!-- Test1 -->
